Filtering the log data using "subsystem == "com.spatial.app""
Timestamp               Ty Process[PID:TID]
2026-05-09 21:40:19.456 I  Spatial[83396:569ca] [com.spatial.app:LiveDSPEngine] Attached pull-based source node for live monitor playback
2026-05-09 21:40:19.456 E  Spatial[83396:569ca] [com.spatial.app:VirtualAudioRouting] Found unrestored saved device from prior run — restoring system output now
2026-05-09 21:40:19.457 I  Spatial[83396:569ca] [com.spatial.app:AudioDeviceService] Enumerated Core Audio devices: id=90 name=MYS220 uid=37330022-0000-0000-1C20-0103802F1E78 in=0 out=2; id=88 name=FRANCIS JOHN SAUL M. TIN-AO’s iPhone Microphone uid=B1ED098C-72F9-44C0-BC74-9E1700000003 in=1 out=0; id=83 name=MacBook Air Microphone uid=BuiltInMicrophoneDevice in=1 out=0; id=76 name=MacBook Air Speakers uid=BuiltInSpeakerDevice in=0 out=2; id=130 name=CADefaultDeviceAggregate-83396-0 uid=CADefaultDeviceAggregate-83396-0 in=2 out=2; id=49 name=Spatial Speaker uid=com.spatial.app.driver.speaker in=2 out=2
2026-05-09 21:40:19.460 I  Spatial[83396:569ca] [com.spatial.app:AudioDeviceService] System output device set to: MacBook Air Speakers uid=BuiltInSpeakerDevice
2026-05-09 21:40:19.460 I  Spatial[83396:569ca] [com.spatial.app:VirtualAudioRouting] System output restored to: MacBook Air Speakers
2026-05-09 21:40:19.653 I  Spatial[83396:569ca] [com.spatial.app:AudioDeviceService] Enumerated Core Audio devices: id=90 name=MYS220 uid=37330022-0000-0000-1C20-0103802F1E78 in=0 out=2; id=88 name=FRANCIS JOHN SAUL M. TIN-AO’s iPhone Microphone uid=B1ED098C-72F9-44C0-BC74-9E1700000003 in=1 out=0; id=83 name=MacBook Air Microphone uid=BuiltInMicrophoneDevice in=1 out=0; id=76 name=MacBook Air Speakers uid=BuiltInSpeakerDevice in=0 out=2; id=134 name=CADefaultDeviceAggregate-83396-1 uid=CADefaultDeviceAggregate-83396-1 in=2 out=4; id=49 name=Spatial Speaker uid=com.spatial.app.driver.speaker in=2 out=2
2026-05-09 21:40:19.654 I  Spatial[83396:569ca] [com.spatial.app:AudioDeviceService] Spatial Speaker readiness succeeded (probe skipped): id=49 uid=com.spatial.app.driver.speaker name=Spatial Speaker
2026-05-09 21:40:19.656 Db Spatial[83396:569ca] [com.spatial.app:LiveDSPEngine] Configured live DSP. rotation=0.60 depth=0.45 reverb=0.30 width=0.80 speed=4.00 elevation=0.55 centerFocus=0.60 motionCurve=0.35
2026-05-09 21:40:19.656 I  Spatial[83396:56b28] [com.spatial.app:LiveAudioCapture] Updated live capture startup signal expectation. expected=false
2026-05-09 21:40:19.656 Db Spatial[83396:569ca] [com.spatial.app:SpatialAppModel] Now playing refresh. source=none title=Midnight Orbit artist=Spatial Demo playing=true demo=false
2026-05-09 21:40:19.656 Db Spatial[83396:569ca] [com.spatial.app:SpatialAppModel] Synchronize demo playback. shouldUseDemo=false initialized=false enabled=true nowPlaying=true
2026-05-09 21:40:21.358 I  Spatial[83396:569ca] [com.spatial.app:AudioDeviceService] Spatial Speaker readiness succeeded (probe skipped): id=49 uid=com.spatial.app.driver.speaker name=Spatial Speaker
2026-05-09 21:40:22.861 I  Spatial[83396:569ca] [com.spatial.app:AudioDeviceService] Spatial Speaker readiness succeeded (probe skipped): id=49 uid=com.spatial.app.driver.speaker name=Spatial Speaker
2026-05-09 21:40:24.356 I  Spatial[83396:569ca] [com.spatial.app:AudioDeviceService] Spatial Speaker readiness succeeded (probe skipped): id=49 uid=com.spatial.app.driver.speaker name=Spatial Speaker
2026-05-09 21:40:25.857 I  Spatial[83396:569ca] [com.spatial.app:AudioDeviceService] Spatial Speaker readiness succeeded (probe skipped): id=49 uid=com.spatial.app.driver.speaker name=Spatial Speaker
2026-05-09 21:40:27.355 I  Spatial[83396:569ca] [com.spatial.app:AudioDeviceService] Spatial Speaker readiness succeeded (probe skipped): id=49 uid=com.spatial.app.driver.speaker name=Spatial Speaker
2026-05-09 21:40:28.857 I  Spatial[83396:569ca] [com.spatial.app:AudioDeviceService] Spatial Speaker readiness succeeded (probe skipped): id=49 uid=com.spatial.app.driver.speaker name=Spatial Speaker
2026-05-09 21:40:28.979 I  Spatial[83396:569ca] [com.spatial.app:SpatialAppModel] Selected audio source: spotify
2026-05-09 21:40:29.090 I  Spatial[83396:569ca] [com.spatial.app:NowPlaying] Spotify now playing detected: Mundo
2026-05-09 21:40:29.090 I  Spatial[83396:569ca] [com.spatial.app:LiveAudioCapture] Requested live capture stop
2026-05-09 21:40:29.090 I  Spatial[83396:56b28] [com.spatial.app:LiveAudioCapture] Updated live capture startup signal expectation. expected=true
2026-05-09 21:40:29.090 I  Spatial[83396:56b28] [com.spatial.app:LiveAudioCapture] Playback resumed while capture was armed — resetting startup silence validation window
2026-05-09 21:40:29.090 I  Spatial[83396:56b28] [com.spatial.app:LiveDSPEngine] Stopped live DSP
2026-05-09 21:40:29.745 I  Spatial[83396:569ca] [com.spatial.app:NowPlaying] Spotify now playing detected: Mundo
2026-05-09 21:40:29.745 Db Spatial[83396:569ca] [com.spatial.app:SpatialAppModel] Now playing refresh. source=spotify title=Mundo artist=Guddhist Gunatita playing=true demo=false
2026-05-09 21:40:29.774 I  Spatial[83396:569ca] [com.spatial.app:SpatialAppModel] Initializing source=spotify target=virtualDevice(uid: "com.spatial.app.driver.speaker", name: "Spatial Speaker")
2026-05-09 21:40:29.774 Db Spatial[83396:569ca] [com.spatial.app:LiveDSPEngine] Configured live DSP. rotation=0.60 depth=0.45 reverb=0.30 width=0.80 speed=4.00 elevation=0.55 centerFocus=0.60 motionCurve=0.35
2026-05-09 21:40:29.774 I  Spatial[83396:56c4b] [com.spatial.app:LiveDSPEngine] Stopped live DSP
2026-05-09 21:40:29.775 I  Spatial[83396:569ca] [com.spatial.app:LiveDSPEngine] Pin output device requested before engine start. target=76
2026-05-09 21:40:29.775 I  Spatial[83396:569ca] [com.spatial.app:VirtualAudioRouting] Prepared monitor output device: MacBook Air Speakers uid=BuiltInSpeakerDevice
2026-05-09 21:40:29.782 I  Spatial[83396:569ca] [com.spatial.app:AudioDeviceService] System output device set to: Spatial Speaker uid=com.spatial.app.driver.speaker
2026-05-09 21:40:29.784 I  Spatial[83396:569ca] [com.spatial.app:VirtualAudioRouting] Virtual routing active. System output routed to Spatial Speaker while Spatial monitors on 'MacBook Air Speakers'.
2026-05-09 21:40:29.784 I  Spatial[83396:569ca] [com.spatial.app:SpatialAppModel] Virtual routing activated — system audio routed through Spatial Speaker
2026-05-09 21:40:29.784 I  Spatial[83396:569ca] [com.spatial.app:LiveAudioCapture] Prepared live capture target: virtualDevice(uid: "com.spatial.app.driver.speaker", name: "Spatial Speaker")
2026-05-09 21:40:29.784 I  Spatial[83396:569ca] [com.spatial.app:LiveAudioCapture] Requested live capture start for target: virtualDevice(uid: "com.spatial.app.driver.speaker", name: "Spatial Speaker") attempt=1 preferredBackend=halInputUnit
2026-05-09 21:40:29.784 Db Spatial[83396:56b42] [com.spatial.app:LiveAudioCapture] Beginning live capture setup for target: virtualDevice(uid: "com.spatial.app.driver.speaker", name: "Spatial Speaker") attempt=1
2026-05-09 21:40:29.807 I  Spatial[83396:56b42] [com.spatial.app:LiveAudioCapture] DIAG topology probe device='Spatial Speaker' deviceID=49 inputStreams=[51] outputStreams=[50] globalStreams=[50, 51]
2026-05-09 21:40:29.807 I  Spatial[83396:56b42] [com.spatial.app:LiveAudioCapture] DIAG topology probe streamConfig device='Spatial Speaker' scope=input buffers=1 totalChannels=2 buf0={ch=2 bytes=4096} || scope=output buffers=1 totalChannels=2 buf0={ch=2 bytes=4096} || scope=global sizeStatus=2003332927 dataSize=0
2026-05-09 21:40:29.807 I  Spatial[83396:56b42] [com.spatial.app:LiveAudioCapture] DIAG topology probe streams device='Spatial Speaker' streamID=51 direction=input terminal=0x6d696372 isActive=1 directionStatus=0 terminalStatus=0 activeStatus=0 | streamID=50 direction=output terminal=0x73706b72 isActive=1 directionStatus=0 terminalStatus=0 activeStatus=0
2026-05-09 21:40:29.807 I  Spatial[83396:56b42] [com.spatial.app:LiveAudioCapture] Attempting primary loopback backend=halInputUnit attempt=1 deviceID=49 name=Spatial Speaker
2026-05-09 21:40:29.809 I  Spatial[83396:56b42] [com.spatial.app:LiveAudioCapture] Resolved Spatial Speaker input format. attempt=1 streamID=51 sampleRate=48000.000000 channels=2 interleaved=true bytesPerFrame=8 formatFlags=9
2026-05-09 21:40:29.810 I  Spatial[83396:569ca] [com.spatial.app:NowPlaying] Spotify now playing detected: Mundo
2026-05-09 21:40:29.815 I  Spatial[83396:56b42] [com.spatial.app:LiveAudioCapture] Configuring HAL input-unit loopback capture. attempt=1 deviceID=49
2026-05-09 21:40:29.818 I  Spatial[83396:56b42] [com.spatial.app:LiveAudioCapture] AU set EnableIO/Input/elem1 attempt=1 prop=2003 scope=input element=1 size=4 status=0
2026-05-09 21:40:29.818 I  Spatial[83396:56b42] [com.spatial.app:LiveAudioCapture] AU set EnableIO/Output/elem0 attempt=1 prop=2003 scope=output element=0 size=4 status=0
2026-05-09 21:40:29.818 I  Spatial[83396:56b42] [com.spatial.app:LiveAudioCapture] AU set CurrentDevice/Global/elem0 attempt=1 prop=2000 scope=global element=0 size=4 status=0
2026-05-09 21:40:29.818 I  Spatial[83396:56b42] [com.spatial.app:LiveAudioCapture] AU get StreamFormat/Input/elem1 attempt=1 status=0 sampleRate=48000.000000 channels=2 bytesPerFrame=8 flags=9
2026-05-09 21:40:29.818 I  Spatial[83396:56b42] [com.spatial.app:LiveAudioCapture] AU set StreamFormat/Output/elem1 about-to-set sampleRate=48000.000000 channels=2 bytesPerFrame=8 flags=9
2026-05-09 21:40:29.821 I  Spatial[83396:56b42] [com.spatial.app:LiveAudioCapture] AU set StreamFormat/Output/elem1 attempt=1 prop=8 scope=output element=1 size=40 status=0
2026-05-09 21:40:29.821 I  Spatial[83396:56b42] [com.spatial.app:LiveAudioCapture] AU set SetInputCallback/Global/elem0 attempt=1 prop=2005 scope=global element=0 size=16 status=0
2026-05-09 21:40:29.821 I  Spatial[83396:56b42] [com.spatial.app:LiveAudioCapture] Initializing HAL input-unit loopback capture. attempt=1 deviceID=49
2026-05-09 21:40:29.828 I  Spatial[83396:56b42] [com.spatial.app:LiveAudioCapture] AU AudioUnitInitialize attempt=1 status=0
2026-05-09 21:40:29.828 I  Spatial[83396:56b42] [com.spatial.app:LiveAudioCapture] Starting HAL input-unit loopback capture. attempt=1 deviceID=49
2026-05-09 21:40:29.833 I  Spatial[83396:56b42] [com.spatial.app:LiveAudioCapture] AU AudioOutputUnitStart attempt=1 status=0
2026-05-09 21:40:29.833 I  Spatial[83396:56b42] [com.spatial.app:LiveAudioCapture] Spatial Speaker DeviceIsRunning post-start attempt=1 deviceID=49 status=0 isRunning=1
2026-05-09 21:40:29.833 I  Spatial[83396:56b42] [com.spatial.app:LiveAudioCapture] Loopback capture armed on device 'Spatial Speaker' id=49 backend=halInputUnit
2026-05-09 21:40:29.833 I  Spatial[83396:56b42] [com.spatial.app:LiveAudioCapture] Live capture armed for target: virtualDevice(uid: "com.spatial.app.driver.speaker", name: "Spatial Speaker") — waiting for healthy signal. attempt=1 backend=halInputUnit
2026-05-09 21:40:29.843 Db Spatial[83396:56c80] [com.spatial.app:LiveAudioCapture] DIAG HAL callback n=1 attempt=1 preferredBackend=halInputUnit expectedLoopbackSource=input deviceInterleaved=true buffers=1 channels=2 frames=512
2026-05-09 21:40:29.843 Db Spatial[83396:56c80] [com.spatial.app:LiveAudioCapture] Loopback callback n=1 attempt=1 backend=halInputUnit preferredBackend=halInputUnit buffers=1 frames=512 peak=0.2577
2026-05-09 21:40:29.843 I  Spatial[83396:56c80] [com.spatial.app:LiveAudioCapture] Live capture verified with nonzero signal. targetDeviceID=49 backend=halInputUnit peak=0.2577 deviceName=Spatial Speaker
2026-05-09 21:40:29.853 Db Spatial[83396:569ca] [com.spatial.app:SpatialAppModel] Synchronize demo playback. shouldUseDemo=false initialized=true enabled=true nowPlaying=true
2026-05-09 21:40:29.854 Db Spatial[83396:56c80] [com.spatial.app:LiveAudioCapture] DIAG HAL callback n=2 attempt=1 preferredBackend=halInputUnit expectedLoopbackSource=input deviceInterleaved=true buffers=1 channels=2 frames=512
2026-05-09 21:40:29.854 Db Spatial[83396:56c80] [com.spatial.app:LiveAudioCapture] Loopback callback n=2 attempt=1 backend=halInputUnit preferredBackend=halInputUnit buffers=1 frames=512 peak=0.2577
2026-05-09 21:40:29.864 Db Spatial[83396:56c80] [com.spatial.app:LiveAudioCapture] DIAG HAL callback n=3 attempt=1 preferredBackend=halInputUnit expectedLoopbackSource=input deviceInterleaved=true buffers=1 channels=2 frames=512
2026-05-09 21:40:29.865 Db Spatial[83396:56c80] [com.spatial.app:LiveAudioCapture] Loopback callback n=3 attempt=1 backend=halInputUnit preferredBackend=halInputUnit buffers=1 frames=512 peak=0.2577
2026-05-09 21:40:29.875 Db Spatial[83396:56c80] [com.spatial.app:LiveAudioCapture] DIAG HAL callback n=4 attempt=1 preferredBackend=halInputUnit expectedLoopbackSource=input deviceInterleaved=true buffers=1 channels=2 frames=512
2026-05-09 21:40:29.875 Db Spatial[83396:56c80] [com.spatial.app:LiveAudioCapture] Loopback callback n=4 attempt=1 backend=halInputUnit preferredBackend=halInputUnit buffers=1 frames=512 peak=0.2577
2026-05-09 21:40:29.886 Db Spatial[83396:56c80] [com.spatial.app:LiveAudioCapture] DIAG HAL callback n=5 attempt=1 preferredBackend=halInputUnit expectedLoopbackSource=input deviceInterleaved=true buffers=1 channels=2 frames=512
2026-05-09 21:40:29.886 Db Spatial[83396:56c80] [com.spatial.app:LiveAudioCapture] Loopback callback n=5 attempt=1 backend=halInputUnit preferredBackend=halInputUnit buffers=1 frames=512 peak=0.2577
2026-05-09 21:40:29.897 Db Spatial[83396:56c80] [com.spatial.app:LiveAudioCapture] DIAG HAL callback n=6 attempt=1 preferredBackend=halInputUnit expectedLoopbackSource=input deviceInterleaved=true buffers=1 channels=2 frames=512
2026-05-09 21:40:29.897 Db Spatial[83396:56c80] [com.spatial.app:LiveAudioCapture] Loopback callback n=6 attempt=1 backend=halInputUnit preferredBackend=halInputUnit buffers=1 frames=512 peak=0.2577
2026-05-09 21:40:29.910 I  Spatial[83396:56c4b] [com.spatial.app:LiveDSPEngine] Enabled AVAudioEngine manual rendering mode. format=48000Hz maxFrames=1024
2026-05-09 21:40:29.910 I  Spatial[83396:56c4b] [com.spatial.app:LiveDSPEngine] Started AVAudioEngine for manual monitor rendering
2026-05-09 21:40:29.923 I  Spatial[83396:56c4b] [com.spatial.app:LiveDSPEngine] Started manual monitor output on device ID=76
2026-05-09 21:40:29.923 I  Spatial[83396:56c4b] [com.spatial.app:LiveDSPEngine] Pin output device: target=76 actual=76 auAudioUnit=76 setStatus=0 pinned=true
2026-05-09 21:40:29.923 I  Spatial[83396:56c4b] [com.spatial.app:LiveDSPEngine] Started live DSP for source=spotify
2026-05-09 21:40:29.923 I  Spatial[83396:56c4b] [com.spatial.app:LiveDSPEngine] First loopback buffer reached DSP engine consume(). source=spotify isCaptureRunning=true
2026-05-09 21:40:29.923 Db Spatial[83396:56c4b] [com.spatial.app:LiveDSPEngine] Received first live audio buffer for visualizer metering
2026-05-09 21:40:29.924 Db Spatial[83396:56c4b] [com.spatial.app:LiveDSPEngine] Updated live input meter level=0.383
2026-05-09 21:40:29.924 Db Spatial[83396:56c4b] [com.spatial.app:LiveDSPEngine] Buffered processed audio=10ms frames=512
2026-05-09 21:40:29.924 Db Spatial[83396:56c4b] [com.spatial.app:LiveDSPEngine] Buffered processed audio=21ms frames=1024
2026-05-09 21:40:29.924 Db Spatial[83396:56c4b] [com.spatial.app:LiveDSPEngine] Buffered processed audio=42ms frames=2048
2026-05-09 21:40:29.925 Db Spatial[83396:56c4b] [com.spatial.app:LiveDSPEngine] Buffered processed audio=64ms frames=3072
2026-05-09 21:40:29.925 Db Spatial[83396:56c4b] [com.spatial.app:LiveDSPEngine] Buffered processed audio=85ms frames=4096
2026-05-09 21:40:29.932 Db Spatial[83396:56cad] [com.spatial.app:LiveDSPEngine] Source node render n=1 requested=512 read=512 missing=0 buffered=4096
2026-05-09 21:40:29.938 Db Spatial[83396:56cad] [com.spatial.app:LiveDSPEngine] Manual render callback n=1 requested=512 status=AVAudioEngineManualRenderingStatus(rawValue: 0) buffered=4096 totalRead=512 totalMissing=0
2026-05-09 21:40:29.943 Db Spatial[83396:56cad] [com.spatial.app:LiveDSPEngine] Source node render n=2 requested=512 read=512 missing=0 buffered=4096
2026-05-09 21:40:29.943 Db Spatial[83396:56cad] [com.spatial.app:LiveDSPEngine] Manual render callback n=2 requested=512 status=AVAudioEngineManualRenderingStatus(rawValue: 0) buffered=4096 totalRead=1024 totalMissing=0
2026-05-09 21:40:29.954 Db Spatial[83396:56cad] [com.spatial.app:LiveDSPEngine] Source node render n=3 requested=512 read=512 missing=0 buffered=4096
2026-05-09 21:40:29.954 Db Spatial[83396:56cad] [com.spatial.app:LiveDSPEngine] Manual render callback n=3 requested=512 status=AVAudioEngineManualRenderingStatus(rawValue: 0) buffered=4096 totalRead=1536 totalMissing=0
2026-05-09 21:40:29.964 Db Spatial[83396:56cad] [com.spatial.app:LiveDSPEngine] Source node render n=4 requested=512 read=512 missing=0 buffered=4096
2026-05-09 21:40:29.965 Db Spatial[83396:56cad] [com.spatial.app:LiveDSPEngine] Manual render callback n=4 requested=512 status=AVAudioEngineManualRenderingStatus(rawValue: 0) buffered=4096 totalRead=2048 totalMissing=0
2026-05-09 21:40:29.975 Db Spatial[83396:56cad] [com.spatial.app:LiveDSPEngine] Source node render n=5 requested=512 read=512 missing=0 buffered=4096
2026-05-09 21:40:29.975 Db Spatial[83396:56cad] [com.spatial.app:LiveDSPEngine] Manual render callback n=5 requested=512 status=AVAudioEngineManualRenderingStatus(rawValue: 0) buffered=4096 totalRead=2560 totalMissing=0
2026-05-09 21:40:29.986 Db Spatial[83396:56cad] [com.spatial.app:LiveDSPEngine] Source node render n=6 requested=512 read=512 missing=0 buffered=4096
2026-05-09 21:40:29.986 Db Spatial[83396:56cad] [com.spatial.app:LiveDSPEngine] Manual render callback n=6 requested=512 status=AVAudioEngineManualRenderingStatus(rawValue: 0) buffered=4096 totalRead=3072 totalMissing=0
2026-05-09 21:40:30.015 I  Spatial[83396:56c4b] [com.spatial.app:LiveDSPEngine] AVAudioEngine reconfigured — re-binding manual monitor output
2026-05-09 21:40:30.059 I  Spatial[83396:56c4b] [com.spatial.app:LiveDSPEngine] Stopped manual monitor output
2026-05-09 21:40:30.076 I  Spatial[83396:56c4b] [com.spatial.app:LiveDSPEngine] Started manual monitor output on device ID=76
2026-05-09 21:40:30.077 I  Spatial[83396:56c4b] [com.spatial.app:LiveDSPEngine] Pin output device: target=76 actual=76 auAudioUnit=76 setStatus=0 pinned=true
2026-05-09 21:40:30.077 Db Spatial[83396:56c4b] [com.spatial.app:LiveDSPEngine] Buffered processed audio=106ms frames=5120
2026-05-09 21:40:30.077 Db Spatial[83396:56c4b] [com.spatial.app:LiveDSPEngine] Buffered processed audio=128ms frames=6144
2026-05-09 21:40:30.078 Db Spatial[83396:56c4b] [com.spatial.app:LiveDSPEngine] Buffered processed audio=149ms frames=7168
2026-05-09 21:40:30.079 E  Spatial[83396:56c4b] [com.spatial.app:LiveDSPEngine] Dropped oldest buffered audio to hold live latency. overflowCount=1
2026-05-09 21:40:30.356 I  Spatial[83396:569ca] [com.spatial.app:AudioDeviceService] Enumerated Core Audio devices: id=90 name=MYS220 uid=37330022-0000-0000-1C20-0103802F1E78 in=0 out=2; id=88 name=FRANCIS JOHN SAUL M. TIN-AO’s iPhone Microphone uid=B1ED098C-72F9-44C0-BC74-9E1700000003 in=1 out=0; id=83 name=MacBook Air Microphone uid=BuiltInMicrophoneDevice in=1 out=0; id=76 name=MacBook Air Speakers uid=BuiltInSpeakerDevice in=0 out=2; id=140 name=CADefaultDeviceAggregate-83396-2 uid=CADefaultDeviceAggregate-83396-2 in=2 out=2; id=49 name=Spatial Speaker uid=com.spatial.app.driver.speaker in=2 out=2
2026-05-09 21:40:30.357 I  Spatial[83396:569ca] [com.spatial.app:AudioDeviceService] Spatial Speaker readiness succeeded (probe skipped): id=49 uid=com.spatial.app.driver.speaker name=Spatial Speaker
2026-05-09 21:40:30.723 I  Spatial[83396:569ca] [com.spatial.app:NowPlaying] Spotify now playing detected: Mundo
2026-05-09 21:40:31.724 I  Spatial[83396:569ca] [com.spatial.app:NowPlaying] Spotify now playing detected: Mundo
2026-05-09 21:40:31.858 I  Spatial[83396:569ca] [com.spatial.app:AudioDeviceService] Spatial Speaker readiness succeeded (probe skipped): id=49 uid=com.spatial.app.driver.speaker name=Spatial Speaker
2026-05-09 21:40:32.720 Db Spatial[83396:56cb6] [com.spatial.app:LiveDSPEngine] Source node render n=256 requested=512 read=512 missing=0 buffered=6688
2026-05-09 21:40:32.720 Db Spatial[83396:56cb6] [com.spatial.app:LiveDSPEngine] Manual render callback n=256 requested=512 status=AVAudioEngineManualRenderingStatus(rawValue: 0) buffered=6688 totalRead=131072 totalMissing=0
2026-05-09 21:40:32.724 I  Spatial[83396:569ca] [com.spatial.app:NowPlaying] Spotify now playing detected: Mundo
2026-05-09 21:40:33.357 I  Spatial[83396:569ca] [com.spatial.app:AudioDeviceService] Spatial Speaker readiness succeeded (probe skipped): id=49 uid=com.spatial.app.driver.speaker name=Spatial Speaker
2026-05-09 21:40:33.723 I  Spatial[83396:569ca] [com.spatial.app:NowPlaying] Spotify now playing detected: Mundo
2026-05-09 21:40:34.695 I  Spatial[83396:569ca] [com.spatial.app:NowPlaying] Spotify now playing detected: Mundo
2026-05-09 21:40:34.855 I  Spatial[83396:569ca] [com.spatial.app:AudioDeviceService] Spatial Speaker readiness succeeded (probe skipped): id=49 uid=com.spatial.app.driver.speaker name=Spatial Speaker
2026-05-09 21:40:35.451 Db Spatial[83396:56cb6] [com.spatial.app:LiveDSPEngine] Source node render n=512 requested=512 read=512 missing=0 buffered=6688
2026-05-09 21:40:35.451 Db Spatial[83396:56cb6] [com.spatial.app:LiveDSPEngine] Manual render callback n=512 requested=512 status=AVAudioEngineManualRenderingStatus(rawValue: 0) buffered=6688 totalRead=262144 totalMissing=0
2026-05-09 21:40:35.713 I  Spatial[83396:569ca] [com.spatial.app:NowPlaying] Spotify now playing detected: Mundo
2026-05-09 21:40:36.360 I  Spatial[83396:569ca] [com.spatial.app:AudioDeviceService] Spatial Speaker readiness succeeded (probe skipped): id=49 uid=com.spatial.app.driver.speaker name=Spatial Speaker
2026-05-09 21:40:36.729 I  Spatial[83396:569ca] [com.spatial.app:NowPlaying] Spotify now playing detected: Mundo
2026-05-09 21:40:37.725 I  Spatial[83396:569ca] [com.spatial.app:NowPlaying] Spotify now playing detected: Mundo
2026-05-09 21:40:37.860 I  Spatial[83396:569ca] [com.spatial.app:AudioDeviceService] Spatial Speaker readiness succeeded (probe skipped): id=49 uid=com.spatial.app.driver.speaker name=Spatial Speaker
2026-05-09 21:40:38.181 Db Spatial[83396:56cb6] [com.spatial.app:LiveDSPEngine] Source node render n=768 requested=512 read=512 missing=0 buffered=6688
2026-05-09 21:40:38.182 Db Spatial[83396:56cb6] [com.spatial.app:LiveDSPEngine] Manual render callback n=768 requested=512 status=AVAudioEngineManualRenderingStatus(rawValue: 0) buffered=6688 totalRead=393216 totalMissing=0
2026-05-09 21:40:38.732 I  Spatial[83396:569ca] [com.spatial.app:NowPlaying] Spotify now playing detected: Mundo
2026-05-09 21:40:39.360 I  Spatial[83396:569ca] [com.spatial.app:AudioDeviceService] Spatial Speaker readiness succeeded (probe skipped): id=49 uid=com.spatial.app.driver.speaker name=Spatial Speaker
2026-05-09 21:40:39.728 I  Spatial[83396:569ca] [com.spatial.app:NowPlaying] Spotify now playing detected: Mundo
2026-05-09 21:40:40.735 I  Spatial[83396:569ca] [com.spatial.app:NowPlaying] Spotify now playing detected: Mundo
