Filtering the log data using "subsystem == "com.spatial.app.driver.speaker""
Timestamp               Ty Process[PID:TID]
2026-05-09 20:45:17.009 Db com.apple.audio.Core-Audio-Driver-Service.helper[5497:3a2a3] [com.spatial.app.driver.speaker:AudioServerPlugIn] GetPropertyData unsupported property object=device(2) selector=unknownSelector(1936879204) scope=1869968496 element=0
2026-05-09 20:45:17.012 E  com.apple.audio.Core-Audio-Driver-Service.helper[5497:3a2a3] [com.spatial.app.driver.speaker:AudioServerPlugIn] StartIO[diag-2026-05-09-r7] clientID=144 bundleID=com.spotify.client inputOnly=false clientStartCount=1 ioStartCount=0->1
2026-05-09 20:45:17.015 E  com.apple.audio.Core-Audio-Driver-Service.helper[5497:3a590] [com.spatial.app.driver.speaker:AudioServerPlugIn] WillDoIOOperation[diag-2026-05-09-r7] n=13 clientID=144 stream=input op=ReadInput willDo=true inputOnly=false
2026-05-09 20:45:17.015 E  com.apple.audio.Core-Audio-Driver-Service.helper[5497:3a590] [com.spatial.app.driver.speaker:AudioServerPlugIn] WillDoIOOperation[diag-2026-05-09-r7] n=13 clientID=144 stream=output op=WriteMix willDo=true inputOnly=false
2026-05-09 20:45:17.847 E  com.apple.audio.Core-Audio-Driver-Service.helper[5497:3a590] [com.spatial.app.driver.speaker:AudioServerPlugIn] WriteMix n=8928 clientID=144 bundleID=com.spotify.client stream=output frames=512 peak=0.000000
2026-05-09 20:45:17.990 E  com.apple.audio.Core-Audio-Driver-Service.helper[5497:3a2a3] [com.spatial.app.driver.speaker:AudioServerPlugIn] AddDeviceClient[diag-2026-05-09-r7] clientID=684 pid=56832 bundleID=com.apple.Sound-Settings.extension role=writer-candidate
2026-05-09 20:45:18.871 E  com.apple.audio.Core-Audio-Driver-Service.helper[5497:3a590] [com.spatial.app.driver.speaker:AudioServerPlugIn] WriteMix n=9024 clientID=144 bundleID=com.spotify.client stream=output frames=512 peak=0.000000
2026-05-09 20:45:19.043 E  com.apple.audio.Core-Audio-Driver-Service.helper[5497:3a2a3] [com.spatial.app.driver.speaker:AudioServerPlugIn] StopIO clientID=144 bundleID=com.spotify.client inputOnly=false clientStartCount=0 ioStartCount=1->0
2026-05-09 20:45:25.489 E  com.apple.audio.Core-Audio-Driver-Service.helper[5497:3a2a3] [com.spatial.app.driver.speaker:AudioServerPlugIn] RemoveDeviceClient clientID=684 pid=56832
2026-05-09 20:45:41.805 E  com.apple.audio.Core-Audio-Driver-Service.helper[5497:3a2a3] [com.spatial.app.driver.speaker:AudioServerPlugIn] AddDeviceClient[diag-2026-05-09-r7] clientID=693 pid=57003 bundleID=com.spatial.app role=capture-only
2026-05-09 20:45:41.805 E  com.apple.audio.Core-Audio-Driver-Service.helper[5497:3a2a3] [com.spatial.app.driver.speaker:AudioServerPlugIn] AddDeviceClient[diag-2026-05-09-r7]: marked clientID=693 as input-only (WriteMix suppressed)
2026-05-09 20:45:41.805 E  com.apple.audio.Core-Audio-Driver-Service.helper[5497:3a2a3] [com.spatial.app.driver.speaker:AudioServerPlugIn] DIAG Topology[diag-2026-05-09-r7][add-capture-client] inputStreamObject=3 outputStreamObject=4 inputStreams=1 outputStreams=1 inputChannels=2 outputChannels=2 sampleRate=48000 bytesPerFrame=8 channelsPerFrame=2 interleaved=true valid=true
2026-05-09 20:45:41.870 Db com.apple.audio.Core-Audio-Driver-Service.helper[5497:3a2a3] [com.spatial.app.driver.speaker:AudioServerPlugIn] GetPropertyData unsupported property object=device(2) selector=unknownSelector(1936879204) scope=1768845428 element=0
2026-05-09 20:45:41.871 Db com.apple.audio.Core-Audio-Driver-Service.helper[5497:3a2a3] [com.spatial.app.driver.speaker:AudioServerPlugIn] GetPropertyData unsupported property object=device(2) selector=unknownSelector(1936879204) scope=1768845428 element=0
2026-05-09 20:45:41.872 Db com.apple.audio.Core-Audio-Driver-Service.helper[5497:3a2a3] [com.spatial.app.driver.speaker:AudioServerPlugIn] GetPropertyData unsupported property object=device(2) selector=unknownSelector(1936879204) scope=1869968496 element=0
2026-05-09 20:45:41.872 Db com.apple.audio.Core-Audio-Driver-Service.helper[5497:3a2a3] [com.spatial.app.driver.speaker:AudioServerPlugIn] GetPropertyData unsupported property object=device(2) selector=unknownSelector(1936879204) scope=1869968496 element=0
2026-05-09 20:45:41.885 E  com.apple.audio.Core-Audio-Driver-Service.helper[5497:3a2a3] [com.spatial.app.driver.speaker:AudioServerPlugIn] AddDeviceClient[diag-2026-05-09-r7] clientID=705 pid=57003 bundleID=com.spatial.app role=capture-only
2026-05-09 20:45:41.885 E  com.apple.audio.Core-Audio-Driver-Service.helper[5497:3a2a3] [com.spatial.app.driver.speaker:AudioServerPlugIn] AddDeviceClient[diag-2026-05-09-r7]: marked clientID=705 as input-only (WriteMix suppressed)
2026-05-09 20:45:41.885 E  com.apple.audio.Core-Audio-Driver-Service.helper[5497:3a2a3] [com.spatial.app.driver.speaker:AudioServerPlugIn] DIAG Topology[diag-2026-05-09-r7][add-capture-client] inputStreamObject=3 outputStreamObject=4 inputStreams=1 outputStreams=1 inputChannels=2 outputChannels=2 sampleRate=48000 bytesPerFrame=8 channelsPerFrame=2 interleaved=true valid=true
2026-05-09 20:45:41.890 Db com.apple.audio.Core-Audio-Driver-Service.helper[5497:3a2a3] [com.spatial.app.driver.speaker:AudioServerPlugIn] GetPropertyData unsupported property object=device(2) selector=unknownSelector(1936879204) scope=1768845428 element=0
2026-05-09 20:45:41.891 Db com.apple.audio.Core-Audio-Driver-Service.helper[5497:3a2a3] [com.spatial.app.driver.speaker:AudioServerPlugIn] GetPropertyData unsupported property object=device(2) selector=unknownSelector(1936879204) scope=1768845428 element=0
2026-05-09 20:45:41.891 Db com.apple.audio.Core-Audio-Driver-Service.helper[5497:3a2a3] [com.spatial.app.driver.speaker:AudioServerPlugIn] GetPropertyData unsupported property object=device(2) selector=unknownSelector(1936879204) scope=1869968496 element=0
2026-05-09 20:45:41.892 Db com.apple.audio.Core-Audio-Driver-Service.helper[5497:3a2a3] [com.spatial.app.driver.speaker:AudioServerPlugIn] GetPropertyData unsupported property object=device(2) selector=unknownSelector(1936879204) scope=1869968496 element=0
2026-05-09 20:45:41.895 Db com.apple.audio.Core-Audio-Driver-Service.helper[5497:3a2a3] [com.spatial.app.driver.speaker:AudioServerPlugIn] GetPropertyData unsupported property object=device(2) selector=unknownSelector(1936879204) scope=1869968496 element=0
2026-05-09 20:45:41.895 Db com.apple.audio.Core-Audio-Driver-Service.helper[5497:3a2a3] [com.spatial.app.driver.speaker:AudioServerPlugIn] GetPropertyData unsupported property object=device(2) selector=unknownSelector(1936879204) scope=1869968496 element=0
2026-05-09 20:45:41.895 Db com.apple.audio.Core-Audio-Driver-Service.helper[5497:3a2a3] [com.spatial.app.driver.speaker:AudioServerPlugIn] GetPropertyData unsupported property object=device(2) selector=unknownSelector(1936879204) scope=1869968496 element=0
2026-05-09 20:45:41.896 Db com.apple.audio.Core-Audio-Driver-Service.helper[5497:3a2a3] [com.spatial.app.driver.speaker:AudioServerPlugIn] GetPropertyData unsupported property object=device(2) selector=unknownSelector(1936879204) scope=1869968496 element=0
2026-05-09 20:45:41.896 Db com.apple.audio.Core-Audio-Driver-Service.helper[5497:3a2a3] [com.spatial.app.driver.speaker:AudioServerPlugIn] GetPropertyData unsupported property object=device(2) selector=unknownSelector(1936879204) scope=1869968496 element=0
2026-05-09 20:45:41.896 Db com.apple.audio.Core-Audio-Driver-Service.helper[5497:3a2a3] [com.spatial.app.driver.speaker:AudioServerPlugIn] GetPropertyData unsupported property object=device(2) selector=unknownSelector(1936879204) scope=1869968496 element=0
2026-05-09 20:45:41.902 Db com.apple.audio.Core-Audio-Driver-Service.helper[5497:3a2a3] [com.spatial.app.driver.speaker:AudioServerPlugIn] GetPropertyData unsupported property object=device(2) selector=unknownSelector(1936879204) scope=1869968496 element=0
2026-05-09 20:45:41.902 Db com.apple.audio.Core-Audio-Driver-Service.helper[5497:3a2a3] [com.spatial.app.driver.speaker:AudioServerPlugIn] GetPropertyData unsupported property object=device(2) selector=unknownSelector(1936879204) scope=1869968496 element=0
2026-05-09 20:45:41.902 Db com.apple.audio.Core-Audio-Driver-Service.helper[5497:3a2a3] [com.spatial.app.driver.speaker:AudioServerPlugIn] GetPropertyData unsupported property object=device(2) selector=unknownSelector(1936879204) scope=1869968496 element=0
2026-05-09 20:45:41.902 Db com.apple.audio.Core-Audio-Driver-Service.helper[5497:3a2a3] [com.spatial.app.driver.speaker:AudioServerPlugIn] GetPropertyData unsupported property object=device(2) selector=unknownSelector(1936879204) scope=1869968496 element=0
2026-05-09 20:45:41.903 Db com.apple.audio.Core-Audio-Driver-Service.helper[5497:3a2a3] [com.spatial.app.driver.speaker:AudioServerPlugIn] GetPropertyData unsupported property object=device(2) selector=unknownSelector(1936879204) scope=1869968496 element=0
2026-05-09 20:45:41.903 Db com.apple.audio.Core-Audio-Driver-Service.helper[5497:3a2a3] [com.spatial.app.driver.speaker:AudioServerPlugIn] GetPropertyData unsupported property object=device(2) selector=unknownSelector(1936879204) scope=1869968496 element=0
2026-05-09 20:45:43.292 Db com.apple.audio.Core-Audio-Driver-Service.helper[5497:3a2a3] [com.spatial.app.driver.speaker:AudioServerPlugIn] GetPropertyData unsupported property object=device(2) selector=unknownSelector(1936879204) scope=1869968496 element=0
2026-05-09 20:45:43.293 E  com.apple.audio.Core-Audio-Driver-Service.helper[5497:3a2a3] [com.spatial.app.driver.speaker:AudioServerPlugIn] StartIO[diag-2026-05-09-r7] clientID=144 bundleID=com.spotify.client inputOnly=false clientStartCount=1 ioStartCount=0->1
2026-05-09 20:45:43.304 E  com.apple.audio.Core-Audio-Driver-Service.helper[5497:3ac02] [com.spatial.app.driver.speaker:AudioServerPlugIn] WillDoIOOperation[diag-2026-05-09-r7] n=14 clientID=144 stream=input op=ReadInput willDo=true inputOnly=false
2026-05-09 20:45:43.304 E  com.apple.audio.Core-Audio-Driver-Service.helper[5497:3ac02] [com.spatial.app.driver.speaker:AudioServerPlugIn] WillDoIOOperation[diag-2026-05-09-r7] n=14 clientID=144 stream=output op=WriteMix willDo=true inputOnly=false
2026-05-09 20:45:43.315 E  com.apple.audio.Core-Audio-Driver-Service.helper[5497:3ac02] [com.spatial.app.driver.speaker:AudioServerPlugIn] WriteMix observed nonzero audio but no Spatial capture client has called ReadInput yet. writerClientID=144 bundleID=com.spotify.client writeMixSeq=1988 peak=0.148770
2026-05-09 20:45:43.315 E  com.apple.audio.Core-Audio-Driver-Service.helper[5497:3ac02] [com.spatial.app.driver.speaker:AudioServerPlugIn] Spatial input client was added but never started IO. captureClientID=693 bundleID=com.spatial.app writerClientID=144 writerBundleID=com.spotify.client writeMixSeq=1988 peak=0.148770
2026-05-09 20:45:43.315 E  com.apple.audio.Core-Audio-Driver-Service.helper[5497:3ac02] [com.spatial.app.driver.speaker:AudioServerPlugIn] Spatial input client was added but never started IO. captureClientID=705 bundleID=com.spatial.app writerClientID=144 writerBundleID=com.spotify.client writeMixSeq=1988 peak=0.148770
2026-05-09 20:45:43.315 E  com.apple.audio.Core-Audio-Driver-Service.helper[5497:3ac02] [com.spatial.app.driver.speaker:AudioServerPlugIn] WriteMix n=9041 clientID=144 bundleID=com.spotify.client stream=output frames=512 peak=0.148770
2026-05-09 20:45:44.158 E  com.apple.audio.Core-Audio-Driver-Service.helper[5497:3ac02] [com.spatial.app.driver.speaker:AudioServerPlugIn] WriteMix n=9120 clientID=144 bundleID=com.spotify.client stream=output frames=512 peak=0.254922
2026-05-09 20:45:45.182 E  com.apple.audio.Core-Audio-Driver-Service.helper[5497:3ac02] [com.spatial.app.driver.speaker:AudioServerPlugIn] WriteMix n=9216 clientID=144 bundleID=com.spotify.client stream=output frames=512 peak=0.405821
2026-05-09 20:45:46.206 E  com.apple.audio.Core-Audio-Driver-Service.helper[5497:3ac02] [com.spatial.app.driver.speaker:AudioServerPlugIn] WriteMix n=9312 clientID=144 bundleID=com.spotify.client stream=output frames=512 peak=0.545621
2026-05-09 20:45:47.230 E  com.apple.audio.Core-Audio-Driver-Service.helper[5497:3ac02] [com.spatial.app.driver.speaker:AudioServerPlugIn] WriteMix n=9408 clientID=144 bundleID=com.spotify.client stream=output frames=512 peak=0.239034
2026-05-09 20:45:48.162 Db com.apple.audio.Core-Audio-Driver-Service.helper[5497:3a2a3] [com.spatial.app.driver.speaker:AudioServerPlugIn] GetPropertyData unsupported property object=device(2) selector=unknownSelector(1936879204) scope=1768845428 element=0
2026-05-09 20:45:48.163 Db com.apple.audio.Core-Audio-Driver-Service.helper[5497:3a2a3] [com.spatial.app.driver.speaker:AudioServerPlugIn] GetPropertyData unsupported property object=device(2) selector=unknownSelector(1936879204) scope=1768845428 element=0
2026-05-09 20:45:48.164 Db com.apple.audio.Core-Audio-Driver-Service.helper[5497:3a2a3] [com.spatial.app.driver.speaker:AudioServerPlugIn] GetPropertyData unsupported property object=device(2) selector=unknownSelector(1936879204) scope=1869968496 element=0
2026-05-09 20:45:48.164 Db com.apple.audio.Core-Audio-Driver-Service.helper[5497:3a2a3] [com.spatial.app.driver.speaker:AudioServerPlugIn] GetPropertyData unsupported property object=device(2) selector=unknownSelector(1936879204) scope=1869968496 element=0
2026-05-09 20:45:48.179 E  com.apple.audio.Core-Audio-Driver-Service.helper[5497:3a2a3] [com.spatial.app.driver.speaker:AudioServerPlugIn] AddDeviceClient[diag-2026-05-09-r7] clientID=712 pid=57003 bundleID=com.spatial.app role=capture-only
2026-05-09 20:45:48.179 E  com.apple.audio.Core-Audio-Driver-Service.helper[5497:3a2a3] [com.spatial.app.driver.speaker:AudioServerPlugIn] AddDeviceClient[diag-2026-05-09-r7]: marked clientID=712 as input-only (WriteMix suppressed)
2026-05-09 20:45:48.179 E  com.apple.audio.Core-Audio-Driver-Service.helper[5497:3a2a3] [com.spatial.app.driver.speaker:AudioServerPlugIn] DIAG Topology[diag-2026-05-09-r7][add-capture-client] inputStreamObject=3 outputStreamObject=4 inputStreams=1 outputStreams=1 inputChannels=2 outputChannels=2 sampleRate=48000 bytesPerFrame=8 channelsPerFrame=2 interleaved=true valid=true
2026-05-09 20:45:48.179 E  com.apple.audio.Core-Audio-Driver-Service.helper[5497:3ac02] [com.spatial.app.driver.speaker:AudioServerPlugIn] Spatial input client was added but never started IO. captureClientID=712 bundleID=com.spatial.app writerClientID=144 writerBundleID=com.spotify.client writeMixSeq=2444 peak=0.235563
2026-05-09 20:45:48.187 Db com.apple.audio.Core-Audio-Driver-Service.helper[5497:3aa78] [com.spatial.app.driver.speaker:AudioServerPlugIn] GetPropertyData unsupported property object=device(2) selector=unknownSelector(1936879204) scope=1768845428 element=0
2026-05-09 20:45:48.188 Db com.apple.audio.Core-Audio-Driver-Service.helper[5497:3aa78] [com.spatial.app.driver.speaker:AudioServerPlugIn] GetPropertyData unsupported property object=device(2) selector=unknownSelector(1936879204) scope=1768845428 element=0
2026-05-09 20:45:48.189 Db com.apple.audio.Core-Audio-Driver-Service.helper[5497:3aa78] [com.spatial.app.driver.speaker:AudioServerPlugIn] GetPropertyData unsupported property object=device(2) selector=unknownSelector(1936879204) scope=1869968496 element=0
2026-05-09 20:45:48.189 Db com.apple.audio.Core-Audio-Driver-Service.helper[5497:3aa78] [com.spatial.app.driver.speaker:AudioServerPlugIn] GetPropertyData unsupported property object=device(2) selector=unknownSelector(1936879204) scope=1869968496 element=0
2026-05-09 20:45:48.196 Db com.apple.audio.Core-Audio-Driver-Service.helper[5497:3aa78] [com.spatial.app.driver.speaker:AudioServerPlugIn] GetPropertyData unsupported property object=device(2) selector=unknownSelector(1936879204) scope=1768845428 element=0
2026-05-09 20:45:48.197 Db com.apple.audio.Core-Audio-Driver-Service.helper[5497:3aa78] [com.spatial.app.driver.speaker:AudioServerPlugIn] GetPropertyData unsupported property object=device(2) selector=unknownSelector(1936879204) scope=1768845428 element=0
2026-05-09 20:45:48.198 Db com.apple.audio.Core-Audio-Driver-Service.helper[5497:3aa78] [com.spatial.app.driver.speaker:AudioServerPlugIn] GetPropertyData unsupported property object=device(2) selector=unknownSelector(1936879204) scope=1869968496 element=0
2026-05-09 20:45:48.199 Db com.apple.audio.Core-Audio-Driver-Service.helper[5497:3aa78] [com.spatial.app.driver.speaker:AudioServerPlugIn] GetPropertyData unsupported property object=device(2) selector=unknownSelector(1936879204) scope=1869968496 element=0
2026-05-09 20:45:48.210 E  com.apple.audio.Core-Audio-Driver-Service.helper[5497:3aa78] [com.spatial.app.driver.speaker:AudioServerPlugIn] AddDeviceClient[diag-2026-05-09-r7] clientID=717 pid=57003 bundleID=com.spatial.app role=capture-only
2026-05-09 20:45:48.210 E  com.apple.audio.Core-Audio-Driver-Service.helper[5497:3aa78] [com.spatial.app.driver.speaker:AudioServerPlugIn] AddDeviceClient[diag-2026-05-09-r7]: marked clientID=717 as input-only (WriteMix suppressed)
2026-05-09 20:45:48.210 E  com.apple.audio.Core-Audio-Driver-Service.helper[5497:3aa78] [com.spatial.app.driver.speaker:AudioServerPlugIn] DIAG Topology[diag-2026-05-09-r7][add-capture-client] inputStreamObject=3 outputStreamObject=4 inputStreams=1 outputStreams=1 inputChannels=2 outputChannels=2 sampleRate=48000 bytesPerFrame=8 channelsPerFrame=2 interleaved=true valid=true
2026-05-09 20:45:48.211 E  com.apple.audio.Core-Audio-Driver-Service.helper[5497:3aa78] [com.spatial.app.driver.speaker:AudioServerPlugIn] RemoveDeviceClient clientID=705 pid=57003
2026-05-09 20:45:48.211 E  com.apple.audio.Core-Audio-Driver-Service.helper[5497:3ac02] [com.spatial.app.driver.speaker:AudioServerPlugIn] Spatial input client was added but never started IO. captureClientID=717 bundleID=com.spatial.app writerClientID=144 writerBundleID=com.spotify.client writeMixSeq=2447 peak=0.196656
2026-05-09 20:45:48.219 Db com.apple.audio.Core-Audio-Driver-Service.helper[5497:3a2a3] [com.spatial.app.driver.speaker:AudioServerPlugIn] GetPropertyData unsupported property object=device(2) selector=unknownSelector(1936879204) scope=1768845428 element=0
2026-05-09 20:45:48.220 Db com.apple.audio.Core-Audio-Driver-Service.helper[5497:3a2a3] [com.spatial.app.driver.speaker:AudioServerPlugIn] GetPropertyData unsupported property object=device(2) selector=unknownSelector(1936879204) scope=1768845428 element=0
2026-05-09 20:45:48.220 Db com.apple.audio.Core-Audio-Driver-Service.helper[5497:3a2a3] [com.spatial.app.driver.speaker:AudioServerPlugIn] GetPropertyData unsupported property object=device(2) selector=unknownSelector(1936879204) scope=1869968496 element=0
2026-05-09 20:45:48.221 Db com.apple.audio.Core-Audio-Driver-Service.helper[5497:3a2a3] [com.spatial.app.driver.speaker:AudioServerPlugIn] GetPropertyData unsupported property object=device(2) selector=unknownSelector(1936879204) scope=1869968496 element=0
2026-05-09 20:45:48.229 E  com.apple.audio.Core-Audio-Driver-Service.helper[5497:3a2a3] [com.spatial.app.driver.speaker:AudioServerPlugIn] RemoveDeviceClient clientID=712 pid=57003
2026-05-09 20:45:48.246 Db com.apple.audio.Core-Audio-Driver-Service.helper[5497:3a2a3] [com.spatial.app.driver.speaker:AudioServerPlugIn] GetPropertyData unsupported property object=device(2) selector=unknownSelector(1936879204) scope=1869968496 element=0
2026-05-09 20:45:48.254 E  com.apple.audio.Core-Audio-Driver-Service.helper[5497:3ac02] [com.spatial.app.driver.speaker:AudioServerPlugIn] WriteMix n=9504 clientID=144 bundleID=com.spotify.client stream=output frames=512 peak=0.222808
2026-05-09 20:45:49.278 E  com.apple.audio.Core-Audio-Driver-Service.helper[5497:3ac02] [com.spatial.app.driver.speaker:AudioServerPlugIn] WriteMix n=9600 clientID=144 bundleID=com.spotify.client stream=output frames=200 peak=0.124871
2026-05-09 20:45:50.302 E  com.apple.audio.Core-Audio-Driver-Service.helper[5497:3ac02] [com.spatial.app.driver.speaker:AudioServerPlugIn] WriteMix n=9696 clientID=144 bundleID=com.spotify.client stream=output frames=200 peak=0.006011
2026-05-09 20:45:50.825 Db com.apple.audio.Core-Audio-Driver-Service.helper[5497:3a2a3] [com.spatial.app.driver.speaker:AudioServerPlugIn] GetPropertyData unsupported property object=device(2) selector=unknownSelector(1936879204) scope=1768845428 element=0
2026-05-09 20:45:50.826 Db com.apple.audio.Core-Audio-Driver-Service.helper[5497:3a2a3] [com.spatial.app.driver.speaker:AudioServerPlugIn] GetPropertyData unsupported property object=device(2) selector=unknownSelector(1936879204) scope=1768845428 element=0
2026-05-09 20:45:50.828 Db com.apple.audio.Core-Audio-Driver-Service.helper[5497:3a2a3] [com.spatial.app.driver.speaker:AudioServerPlugIn] GetPropertyData unsupported property object=device(2) selector=unknownSelector(1936879204) scope=1869968496 element=0
2026-05-09 20:45:50.829 Db com.apple.audio.Core-Audio-Driver-Service.helper[5497:3a2a3] [com.spatial.app.driver.speaker:AudioServerPlugIn] GetPropertyData unsupported property object=device(2) selector=unknownSelector(1936879204) scope=1869968496 element=0
2026-05-09 20:45:50.835 E  com.apple.audio.Core-Audio-Driver-Service.helper[5497:3ac02] [com.spatial.app.driver.speaker:AudioServerPlugIn] WriteMix n=9746 clientID=144 bundleID=com.spotify.client stream=output frames=512 peak=0.000000
2026-05-09 20:45:50.839 E  com.apple.audio.Core-Audio-Driver-Service.helper[5497:3a2a3] [com.spatial.app.driver.speaker:AudioServerPlugIn] AddDeviceClient[diag-2026-05-09-r7] clientID=724 pid=57003 bundleID=com.spatial.app role=capture-only
2026-05-09 20:45:50.839 E  com.apple.audio.Core-Audio-Driver-Service.helper[5497:3a2a3] [com.spatial.app.driver.speaker:AudioServerPlugIn] AddDeviceClient[diag-2026-05-09-r7]: marked clientID=724 as input-only (WriteMix suppressed)
2026-05-09 20:45:50.839 E  com.apple.audio.Core-Audio-Driver-Service.helper[5497:3a2a3] [com.spatial.app.driver.speaker:AudioServerPlugIn] DIAG Topology[diag-2026-05-09-r7][add-capture-client] inputStreamObject=3 outputStreamObject=4 inputStreams=1 outputStreams=1 inputChannels=2 outputChannels=2 sampleRate=48000 bytesPerFrame=8 channelsPerFrame=2 interleaved=true valid=true
2026-05-09 20:45:50.844 Db com.apple.audio.Core-Audio-Driver-Service.helper[5497:3a2a3] [com.spatial.app.driver.speaker:AudioServerPlugIn] GetPropertyData unsupported property object=device(2) selector=unknownSelector(1936879204) scope=1768845428 element=0
2026-05-09 20:45:50.845 Db com.apple.audio.Core-Audio-Driver-Service.helper[5497:3a2a3] [com.spatial.app.driver.speaker:AudioServerPlugIn] GetPropertyData unsupported property object=device(2) selector=unknownSelector(1936879204) scope=1768845428 element=0
2026-05-09 20:45:50.845 Db com.apple.audio.Core-Audio-Driver-Service.helper[5497:3a2a3] [com.spatial.app.driver.speaker:AudioServerPlugIn] GetPropertyData unsupported property object=device(2) selector=unknownSelector(1936879204) scope=1869968496 element=0
2026-05-09 20:45:50.846 Db com.apple.audio.Core-Audio-Driver-Service.helper[5497:3a2a3] [com.spatial.app.driver.speaker:AudioServerPlugIn] GetPropertyData unsupported property object=device(2) selector=unknownSelector(1936879204) scope=1869968496 element=0
2026-05-09 20:45:50.852 E  com.apple.audio.Core-Audio-Driver-Service.helper[5497:3a2a3] [com.spatial.app.driver.speaker:AudioServerPlugIn] RemoveDeviceClient clientID=717 pid=57003
2026-05-09 20:45:51.081 E  com.apple.audio.Core-Audio-Driver-Service.helper[5497:3a2a3] [com.spatial.app.driver.speaker:AudioServerPlugIn] StopIO clientID=144 bundleID=com.spotify.client inputOnly=false clientStartCount=0 ioStartCount=1->0
